

*******************************************************************************
Thu Jan 21 08:34:24 2016


FIT:    data read from 'moduloElastico.txt'
        format = z
        #datapoints = 10
        residuals are weighted equally (unit weight)

function used for fitting: f(x)
	f(x) = a*x + b
fitted parameters initialized with current variable values

iter      chisq       delta/lim  lambda   a             b            
   0 3.5482434595e+10  0.00e+00 7.02e+01  1.000000e+00  1.000000e+00
   5 1.1658625831e+10 -8.85e-02 7.02e-04 -3.412694e+01  5.213727e+04

After 5 iterations the fit converged.
final sum of squares of residuals : 1.16586e+010
rel. change during last iteration : -8.84728e-007

degrees of freedom    (FIT_NDF)                        : 8
rms of residuals      (FIT_STDFIT) = sqrt(WSSR/ndf)    : 38175
variance of residuals (reduced chisquare) = WSSR/ndf   : 1.45733e+009

Final set of parameters            Asymptotic Standard Error
=======================            ==========================
a               = -34.1269         +/- 420.3        (1232%)
b               = 52137.3          +/- 4.171e+004   (80.01%)

correlation matrix of the fit parameters:
                a      b      
a               1.000 
b              -0.957  1.000 


*******************************************************************************
Thu Jan 21 08:37:16 2016


FIT:    data read from 'moduloElastico.txt'
        format = z
        #datapoints = 10
        residuals are weighted equally (unit weight)

function used for fitting: f(x)
	f(x) = a*x + b
fitted parameters initialized with current variable values

iter      chisq       delta/lim  lambda   a             b            
   0 3.5482434595e+10  0.00e+00 7.02e+01  1.000000e+00  1.000000e+00
   5 1.1658625831e+10 -8.85e-02 7.02e-04 -3.412694e+01  5.213727e+04

After 5 iterations the fit converged.
final sum of squares of residuals : 1.16586e+010
rel. change during last iteration : -8.84728e-007

degrees of freedom    (FIT_NDF)                        : 8
rms of residuals      (FIT_STDFIT) = sqrt(WSSR/ndf)    : 38175
variance of residuals (reduced chisquare) = WSSR/ndf   : 1.45733e+009

Final set of parameters            Asymptotic Standard Error
=======================            ==========================
a               = -34.1269         +/- 420.3        (1232%)
b               = 52137.3          +/- 4.171e+004   (80.01%)

correlation matrix of the fit parameters:
                a      b      
a               1.000 
b              -0.957  1.000 


*******************************************************************************
Wed Jan 27 09:22:48 2016


FIT:    data read from 'moduloElastico.txt'
        format = z
        #datapoints = 7
        residuals are weighted equally (unit weight)

function used for fitting: f(x)
fitted parameters initialized with current variable values



 Iteration 0
 WSSR        : 224473            delta(WSSR)/WSSR   : 0
 delta(WSSR) : 0                 limit for stopping : 1e-05
 lambda	  : 67.827

initial set of free parameter values

a               = 1
b               = 1

After 5 iterations the fit converged.
final sum of squares of residuals : 19914
rel. change during last iteration : -1.23647e-09

degrees of freedom    (FIT_NDF)                        : 5
rms of residuals      (FIT_STDFIT) = sqrt(WSSR/ndf)    : 63.1095
variance of residuals (reduced chisquare) = WSSR/ndf   : 3982.81

Final set of parameters            Asymptotic Standard Error
=======================            ==========================

a               = -0.802983        +/- 0.8226       (102.4%)
b               = 3.08841          +/- 78.9         (2555%)


correlation matrix of the fit parameters:

               a      b      
a               1.000 
b              -0.953  1.000 
