

*******************************************************************************
Thu Jan 21 08:37:36 2016


FIT:    data read from 'TaxaDeCorrosao.txt'
        format = z
        #datapoints = 10
        residuals are weighted equally (unit weight)

function used for fitting: f(x)
	f(x) = a*x + b
fitted parameters initialized with current variable values

iter      chisq       delta/lim  lambda   a             b            
   0 1.0753289932e+17  0.00e+00 7.02e+01  1.000000e+00  1.000000e+00
   7 3.1672727271e+05  0.00e+00 7.02e+00  1.671248e+06 -6.684999e+07

After 7 iterations the fit converged.
final sum of squares of residuals : 316727
rel. change during last iteration : 0

degrees of freedom    (FIT_NDF)                        : 8
rms of residuals      (FIT_STDFIT) = sqrt(WSSR/ndf)    : 198.975
variance of residuals (reduced chisquare) = WSSR/ndf   : 39590.9

Final set of parameters            Asymptotic Standard Error
=======================            ==========================
a               = 1.67125e+006     +/- 2.191        (0.0001311%)
b               = -6.685e+007      +/- 217.4        (0.0003252%)

correlation matrix of the fit parameters:
                a      b      
a               1.000 
b              -0.957  1.000 


*******************************************************************************
Wed Jan 27 09:22:48 2016


FIT:    data read from 'TaxaDeCorrosao.txt'
        format = z
        #datapoints = 7
        residuals are weighted equally (unit weight)

function used for fitting: f(x)
fitted parameters initialized with current variable values



 Iteration 0
 WSSR        : 6.92675e+15       delta(WSSR)/WSSR   : 0
 delta(WSSR) : 0                 limit for stopping : 1e-05
 lambda	  : 67.827

initial set of free parameter values

a               = 1
b               = 1

After 6 iterations the fit converged.
final sum of squares of residuals : 9.72969e+13
rel. change during last iteration : -9.13762e-14

degrees of freedom    (FIT_NDF)                        : 5
rms of residuals      (FIT_STDFIT) = sqrt(WSSR/ndf)    : 4.41128e+06
variance of residuals (reduced chisquare) = WSSR/ndf   : 1.94594e+13

Final set of parameters            Asymptotic Standard Error
=======================            ==========================

a               = 498129           +/- 5.75e+04     (11.54%)
b               = -1.78483e+07     +/- 5.515e+06    (30.9%)


correlation matrix of the fit parameters:

               a      b      
a               1.000 
b              -0.953  1.000 
